2023-11-07 16:26:43.723 INFO  [restartedMain] [com.shop.ShopApplication] - Starting ShopApplication using Java 17.0.7 on FULL8-018 with PID 10108 (D:\kim\Springboot\shop\build\classes\java\main started by db400tea in D:\kim\Springboot\shop)
2023-11-07 16:26:43.723 INFO  [background-preinit] [o.h.validator.internal.util.Version] - HV000001: Hibernate Validator 6.2.5.Final
2023-11-07 16:26:43.729 INFO  [restartedMain] [com.shop.ShopApplication] - No active profile set, falling back to 1 default profile: "default"
2023-11-07 16:26:43.908 INFO  [restartedMain] [o.s.b.d.e.DevToolsPropertyDefaultsPostProcessor] - Devtools property defaults active! Set 'spring.devtools.add-properties' to 'false' to disable
2023-11-07 16:26:43.910 INFO  [restartedMain] [o.s.b.d.e.DevToolsPropertyDefaultsPostProcessor] - For additional web related logging consider setting the 'logging.level.web' property to 'DEBUG'
2023-11-07 16:26:44.170 WARN  [restartedMain] [o.s.b.w.s.c.AnnotationConfigServletWebServerApplicationContext] - Exception encountered during context initialization - cancelling refresh attempt: org.springframework.beans.factory.support.BeanDefinitionOverrideException: Invalid bean definition with name 'passwordEncoder' defined in class path resource [com/shop/configuration/WebConfig.class]: Cannot register bean definition [Root bean: class [null]; scope=; abstract=false; lazyInit=null; autowireMode=3; dependencyCheck=0; autowireCandidate=true; primary=false; factoryBeanName=webConfig; factoryMethodName=passwordEncoder; initMethodName=null; destroyMethodName=(inferred); defined in class path resource [com/shop/configuration/WebConfig.class]] for bean 'passwordEncoder': There is already [Root bean: class [null]; scope=; abstract=false; lazyInit=null; autowireMode=3; dependencyCheck=0; autowireCandidate=true; primary=false; factoryBeanName=securityConfig; factoryMethodName=passwordEncoder; initMethodName=null; destroyMethodName=(inferred); defined in class path resource [com/shop/configuration/SecurityConfig.class]] bound.
2023-11-07 16:26:44.174 INFO  [restartedMain] [o.s.b.a.l.ConditionEvaluationReportLoggingListener] - 

Error starting ApplicationContext. To display the conditions report re-run your application with 'debug' enabled.
2023-11-07 16:26:44.189 ERROR [restartedMain] [o.s.b.d.LoggingFailureAnalysisReporter] - 

***************************
APPLICATION FAILED TO START
***************************

Description:

The bean 'passwordEncoder', defined in class path resource [com/shop/configuration/WebConfig.class], could not be registered. A bean with that name has already been defined in class path resource [com/shop/configuration/SecurityConfig.class] and overriding is disabled.

Action:

Consider renaming one of the beans or enabling overriding by setting spring.main.allow-bean-definition-overriding=true

2023-11-07 16:35:11.468 INFO  [background-preinit] [o.h.validator.internal.util.Version] - HV000001: Hibernate Validator 6.2.5.Final
2023-11-07 16:35:11.468 INFO  [restartedMain] [com.shop.ShopApplication] - Starting ShopApplication using Java 17.0.7 on FULL8-018 with PID 18156 (D:\kim\Springboot\shop\build\classes\java\main started by db400tea in D:\kim\Springboot\shop)
2023-11-07 16:35:11.470 INFO  [restartedMain] [com.shop.ShopApplication] - No active profile set, falling back to 1 default profile: "default"
2023-11-07 16:35:11.626 INFO  [restartedMain] [o.s.b.d.e.DevToolsPropertyDefaultsPostProcessor] - Devtools property defaults active! Set 'spring.devtools.add-properties' to 'false' to disable
2023-11-07 16:35:11.626 INFO  [restartedMain] [o.s.b.d.e.DevToolsPropertyDefaultsPostProcessor] - For additional web related logging consider setting the 'logging.level.web' property to 'DEBUG'
2023-11-07 16:35:11.843 WARN  [restartedMain] [o.s.b.w.s.c.AnnotationConfigServletWebServerApplicationContext] - Exception encountered during context initialization - cancelling refresh attempt: org.springframework.beans.factory.support.BeanDefinitionOverrideException: Invalid bean definition with name 'passwordEncoder' defined in class path resource [com/shop/configuration/WebConfig.class]: Cannot register bean definition [Root bean: class [null]; scope=; abstract=false; lazyInit=null; autowireMode=3; dependencyCheck=0; autowireCandidate=true; primary=false; factoryBeanName=webConfig; factoryMethodName=passwordEncoder; initMethodName=null; destroyMethodName=(inferred); defined in class path resource [com/shop/configuration/WebConfig.class]] for bean 'passwordEncoder': There is already [Root bean: class [null]; scope=; abstract=false; lazyInit=null; autowireMode=3; dependencyCheck=0; autowireCandidate=true; primary=false; factoryBeanName=securityConfig; factoryMethodName=passwordEncoder; initMethodName=null; destroyMethodName=(inferred); defined in class path resource [com/shop/configuration/SecurityConfig.class]] bound.
2023-11-07 16:35:11.847 INFO  [restartedMain] [o.s.b.a.l.ConditionEvaluationReportLoggingListener] - 

Error starting ApplicationContext. To display the conditions report re-run your application with 'debug' enabled.
2023-11-07 16:35:11.857 ERROR [restartedMain] [o.s.b.d.LoggingFailureAnalysisReporter] - 

***************************
APPLICATION FAILED TO START
***************************

Description:

The bean 'passwordEncoder', defined in class path resource [com/shop/configuration/WebConfig.class], could not be registered. A bean with that name has already been defined in class path resource [com/shop/configuration/SecurityConfig.class] and overriding is disabled.

Action:

Consider renaming one of the beans or enabling overriding by setting spring.main.allow-bean-definition-overriding=true

2023-11-07 16:35:25.225 INFO  [restartedMain] [com.shop.ShopApplication] - Starting ShopApplication using Java 17.0.7 on FULL8-018 with PID 9032 (D:\kim\Springboot\shop\build\classes\java\main started by db400tea in D:\kim\Springboot\shop)
2023-11-07 16:35:25.224 INFO  [background-preinit] [o.h.validator.internal.util.Version] - HV000001: Hibernate Validator 6.2.5.Final
2023-11-07 16:35:25.226 INFO  [restartedMain] [com.shop.ShopApplication] - No active profile set, falling back to 1 default profile: "default"
2023-11-07 16:35:25.389 INFO  [restartedMain] [o.s.b.d.e.DevToolsPropertyDefaultsPostProcessor] - Devtools property defaults active! Set 'spring.devtools.add-properties' to 'false' to disable
2023-11-07 16:35:25.389 INFO  [restartedMain] [o.s.b.d.e.DevToolsPropertyDefaultsPostProcessor] - For additional web related logging consider setting the 'logging.level.web' property to 'DEBUG'
2023-11-07 16:35:25.731 WARN  [restartedMain] [o.m.spring.mapper.ClassPathMapperScanner] - No MyBatis mapper was found in '[com.shop]' package. Please check your configuration.
2023-11-07 16:35:25.946 INFO  [restartedMain] [o.s.b.w.embedded.tomcat.TomcatWebServer] - Tomcat initialized with port(s): 8085 (http)
2023-11-07 16:35:25.951 INFO  [restartedMain] [o.apache.coyote.http11.Http11NioProtocol] - Initializing ProtocolHandler ["http-nio-8085"]
2023-11-07 16:35:25.952 INFO  [restartedMain] [org.apache.catalina.core.StandardService] - Starting service [Tomcat]
2023-11-07 16:35:25.952 INFO  [restartedMain] [org.apache.catalina.core.StandardEngine] - Starting Servlet engine: [Apache Tomcat/9.0.82]
2023-11-07 16:35:25.996 INFO  [restartedMain] [o.a.c.c.C.[Tomcat].[localhost].[/]] - Initializing Spring embedded WebApplicationContext
2023-11-07 16:35:25.997 INFO  [restartedMain] [o.s.b.w.s.c.ServletWebServerApplicationContext] - Root WebApplicationContext: initialization completed in 608 ms
2023-11-07 16:35:26.049 WARN  [restartedMain] [o.s.b.a.s.s.UserDetailsServiceAutoConfiguration] - 

Using generated security password: 98a241b0-386f-4a9b-93d6-621dc2113c62

This generated password is for development use only. Your security configuration must be updated before running your application in production.

2023-11-07 16:35:26.097 INFO  [restartedMain] [o.s.s.web.DefaultSecurityFilterChain] - Will secure any request with [org.springframework.security.web.session.DisableEncodeUrlFilter@7922bf78, org.springframework.security.web.context.request.async.WebAsyncManagerIntegrationFilter@764522e2, org.springframework.security.web.context.SecurityContextPersistenceFilter@76a9e0be, org.springframework.security.web.header.HeaderWriterFilter@765d1b3, org.springframework.security.web.csrf.CsrfFilter@6b7740bc, org.springframework.security.web.authentication.logout.LogoutFilter@f5f1875, org.springframework.security.web.savedrequest.RequestCacheAwareFilter@4324c15, org.springframework.security.web.servletapi.SecurityContextHolderAwareRequestFilter@530e5082, org.springframework.security.web.authentication.AnonymousAuthenticationFilter@628f03f4, org.springframework.security.web.session.SessionManagementFilter@684946a4, org.springframework.security.web.access.ExceptionTranslationFilter@3b74c8e6, org.springframework.security.web.access.intercept.FilterSecurityInterceptor@4056b977]
2023-11-07 16:35:26.188 INFO  [restartedMain] [o.s.b.a.w.s.WelcomePageHandlerMapping] - Adding welcome page template: index
2023-11-07 16:35:26.344 INFO  [restartedMain] [o.s.b.d.a.OptionalLiveReloadServer] - LiveReload server is running on port 35729
2023-11-07 16:35:26.353 INFO  [restartedMain] [o.apache.coyote.http11.Http11NioProtocol] - Starting ProtocolHandler ["http-nio-8085"]
2023-11-07 16:35:26.364 INFO  [restartedMain] [o.s.b.w.embedded.tomcat.TomcatWebServer] - Tomcat started on port(s): 8085 (http) with context path ''
2023-11-07 16:35:26.371 INFO  [restartedMain] [com.shop.ShopApplication] - Started ShopApplication in 1.4 seconds (JVM running for 1.823)
2023-11-07 16:35:37.067 INFO  [http-nio-8085-exec-1] [o.a.c.c.C.[Tomcat].[localhost].[/]] - Initializing Spring DispatcherServlet 'dispatcherServlet'
2023-11-07 16:35:37.068 INFO  [http-nio-8085-exec-1] [o.s.web.servlet.DispatcherServlet] - Initializing Servlet 'dispatcherServlet'
2023-11-07 16:35:37.068 INFO  [http-nio-8085-exec-1] [o.s.web.servlet.DispatcherServlet] - Completed initialization in 0 ms
2023-11-07 16:36:02.965 INFO  [background-preinit] [o.h.validator.internal.util.Version] - HV000001: Hibernate Validator 6.2.5.Final
2023-11-07 16:36:02.971 INFO  [restartedMain] [com.shop.ShopApplication] - Starting ShopApplication using Java 17.0.7 on FULL8-018 with PID 18296 (D:\kim\Springboot\shop\build\classes\java\main started by db400tea in D:\kim\Springboot\shop)
2023-11-07 16:36:02.971 INFO  [restartedMain] [com.shop.ShopApplication] - No active profile set, falling back to 1 default profile: "default"
2023-11-07 16:36:03.115 INFO  [restartedMain] [o.s.b.d.e.DevToolsPropertyDefaultsPostProcessor] - Devtools property defaults active! Set 'spring.devtools.add-properties' to 'false' to disable
2023-11-07 16:36:03.115 INFO  [restartedMain] [o.s.b.d.e.DevToolsPropertyDefaultsPostProcessor] - For additional web related logging consider setting the 'logging.level.web' property to 'DEBUG'
2023-11-07 16:36:03.466 WARN  [restartedMain] [o.m.spring.mapper.ClassPathMapperScanner] - No MyBatis mapper was found in '[com.shop]' package. Please check your configuration.
2023-11-07 16:36:03.689 INFO  [restartedMain] [o.s.b.w.embedded.tomcat.TomcatWebServer] - Tomcat initialized with port(s): 8085 (http)
2023-11-07 16:36:03.694 INFO  [restartedMain] [o.apache.coyote.http11.Http11NioProtocol] - Initializing ProtocolHandler ["http-nio-8085"]
2023-11-07 16:36:03.694 INFO  [restartedMain] [org.apache.catalina.core.StandardService] - Starting service [Tomcat]
2023-11-07 16:36:03.695 INFO  [restartedMain] [org.apache.catalina.core.StandardEngine] - Starting Servlet engine: [Apache Tomcat/9.0.82]
2023-11-07 16:36:03.738 INFO  [restartedMain] [o.a.c.c.C.[Tomcat].[localhost].[/]] - Initializing Spring embedded WebApplicationContext
2023-11-07 16:36:03.738 INFO  [restartedMain] [o.s.b.w.s.c.ServletWebServerApplicationContext] - Root WebApplicationContext: initialization completed in 622 ms
2023-11-07 16:36:03.801 WARN  [restartedMain] [o.s.b.a.s.s.UserDetailsServiceAutoConfiguration] - 

Using generated security password: 9eb00488-df54-4ec5-bd0d-f83f467918e2

This generated password is for development use only. Your security configuration must be updated before running your application in production.

2023-11-07 16:36:03.849 INFO  [restartedMain] [o.s.s.web.DefaultSecurityFilterChain] - Will secure any request with [org.springframework.security.web.session.DisableEncodeUrlFilter@34be60b, org.springframework.security.web.context.request.async.WebAsyncManagerIntegrationFilter@454e6869, org.springframework.security.web.context.SecurityContextPersistenceFilter@59e90998, org.springframework.security.web.header.HeaderWriterFilter@1cc166af, org.springframework.security.web.csrf.CsrfFilter@4f870f19, org.springframework.security.web.authentication.logout.LogoutFilter@6b907609, org.springframework.security.web.savedrequest.RequestCacheAwareFilter@ad035b, org.springframework.security.web.servletapi.SecurityContextHolderAwareRequestFilter@33f50329, org.springframework.security.web.authentication.AnonymousAuthenticationFilter@de1e5cc, org.springframework.security.web.session.SessionManagementFilter@42ef7c84, org.springframework.security.web.access.ExceptionTranslationFilter@7846bee3, org.springframework.security.web.access.intercept.FilterSecurityInterceptor@13466091]
2023-11-07 16:36:03.938 INFO  [restartedMain] [o.s.b.a.w.s.WelcomePageHandlerMapping] - Adding welcome page template: index
2023-11-07 16:36:04.100 INFO  [restartedMain] [o.s.b.d.a.OptionalLiveReloadServer] - LiveReload server is running on port 35729
2023-11-07 16:36:04.110 INFO  [restartedMain] [o.apache.coyote.http11.Http11NioProtocol] - Starting ProtocolHandler ["http-nio-8085"]
2023-11-07 16:36:04.122 INFO  [restartedMain] [o.s.b.w.embedded.tomcat.TomcatWebServer] - Tomcat started on port(s): 8085 (http) with context path ''
2023-11-07 16:36:04.128 INFO  [restartedMain] [com.shop.ShopApplication] - Started ShopApplication in 1.401 seconds (JVM running for 1.88)
2023-11-07 16:36:04.793 INFO  [http-nio-8085-exec-1] [o.a.c.c.C.[Tomcat].[localhost].[/]] - Initializing Spring DispatcherServlet 'dispatcherServlet'
2023-11-07 16:36:04.793 INFO  [http-nio-8085-exec-1] [o.s.web.servlet.DispatcherServlet] - Initializing Servlet 'dispatcherServlet'
2023-11-07 16:36:04.793 INFO  [http-nio-8085-exec-1] [o.s.web.servlet.DispatcherServlet] - Completed initialization in 0 ms
2023-11-07 16:58:09.186 INFO  [background-preinit] [o.h.validator.internal.util.Version] - HV000001: Hibernate Validator 6.2.5.Final
2023-11-07 16:58:09.189 INFO  [restartedMain] [com.shop.ShopApplication] - Starting ShopApplication using Java 17.0.7 on FULL8-018 with PID 8 (D:\kim\Springboot\shop\build\classes\java\main started by db400tea in D:\kim\Springboot\shop)
2023-11-07 16:58:09.190 INFO  [restartedMain] [com.shop.ShopApplication] - No active profile set, falling back to 1 default profile: "default"
2023-11-07 16:58:09.332 INFO  [restartedMain] [o.s.b.d.e.DevToolsPropertyDefaultsPostProcessor] - Devtools property defaults active! Set 'spring.devtools.add-properties' to 'false' to disable
2023-11-07 16:58:09.332 INFO  [restartedMain] [o.s.b.d.e.DevToolsPropertyDefaultsPostProcessor] - For additional web related logging consider setting the 'logging.level.web' property to 'DEBUG'
2023-11-07 16:58:09.693 WARN  [restartedMain] [o.m.spring.mapper.ClassPathMapperScanner] - No MyBatis mapper was found in '[com.shop]' package. Please check your configuration.
2023-11-07 16:58:09.912 INFO  [restartedMain] [o.s.b.w.embedded.tomcat.TomcatWebServer] - Tomcat initialized with port(s): 8085 (http)
2023-11-07 16:58:09.917 INFO  [restartedMain] [o.apache.coyote.http11.Http11NioProtocol] - Initializing ProtocolHandler ["http-nio-8085"]
2023-11-07 16:58:09.918 INFO  [restartedMain] [org.apache.catalina.core.StandardService] - Starting service [Tomcat]
2023-11-07 16:58:09.918 INFO  [restartedMain] [org.apache.catalina.core.StandardEngine] - Starting Servlet engine: [Apache Tomcat/9.0.82]
2023-11-07 16:58:09.967 INFO  [restartedMain] [o.a.c.c.C.[Tomcat].[localhost].[/]] - Initializing Spring embedded WebApplicationContext
2023-11-07 16:58:09.967 INFO  [restartedMain] [o.s.b.w.s.c.ServletWebServerApplicationContext] - Root WebApplicationContext: initialization completed in 635 ms
2023-11-07 16:58:10.026 WARN  [restartedMain] [o.s.b.a.s.s.UserDetailsServiceAutoConfiguration] - 

Using generated security password: 0b02d1c9-19be-4665-8991-a16477dd0b5a

This generated password is for development use only. Your security configuration must be updated before running your application in production.

2023-11-07 16:58:10.077 INFO  [restartedMain] [o.s.s.web.DefaultSecurityFilterChain] - Will secure any request with [org.springframework.security.web.session.DisableEncodeUrlFilter@26b1bf57, org.springframework.security.web.context.request.async.WebAsyncManagerIntegrationFilter@cb01b01, org.springframework.security.web.context.SecurityContextPersistenceFilter@601036a9, org.springframework.security.web.header.HeaderWriterFilter@18fa9b82, org.springframework.security.web.csrf.CsrfFilter@59ef117c, org.springframework.security.web.authentication.logout.LogoutFilter@42033b5c, org.springframework.security.web.savedrequest.RequestCacheAwareFilter@58b8e04, org.springframework.security.web.servletapi.SecurityContextHolderAwareRequestFilter@4e6e7ecc, org.springframework.security.web.authentication.AnonymousAuthenticationFilter@2113e2e9, org.springframework.security.web.session.SessionManagementFilter@50e0bf38, org.springframework.security.web.access.ExceptionTranslationFilter@552522b, org.springframework.security.web.access.intercept.FilterSecurityInterceptor@5a0a797]
2023-11-07 16:58:10.169 INFO  [restartedMain] [o.s.b.a.w.s.WelcomePageHandlerMapping] - Adding welcome page template: index
2023-11-07 16:58:10.333 INFO  [restartedMain] [o.s.b.d.a.OptionalLiveReloadServer] - LiveReload server is running on port 35729
2023-11-07 16:58:10.344 INFO  [restartedMain] [o.apache.coyote.http11.Http11NioProtocol] - Starting ProtocolHandler ["http-nio-8085"]
2023-11-07 16:58:10.355 INFO  [restartedMain] [o.s.b.w.embedded.tomcat.TomcatWebServer] - Tomcat started on port(s): 8085 (http) with context path ''
2023-11-07 16:58:10.361 INFO  [restartedMain] [com.shop.ShopApplication] - Started ShopApplication in 1.347 seconds (JVM running for 1.758)
2023-11-07 16:58:10.669 INFO  [http-nio-8085-exec-1] [o.a.c.c.C.[Tomcat].[localhost].[/]] - Initializing Spring DispatcherServlet 'dispatcherServlet'
2023-11-07 16:58:10.670 INFO  [http-nio-8085-exec-1] [o.s.web.servlet.DispatcherServlet] - Initializing Servlet 'dispatcherServlet'
2023-11-07 16:58:10.670 INFO  [http-nio-8085-exec-1] [o.s.web.servlet.DispatcherServlet] - Completed initialization in 0 ms
